<?xml version="1.0" encoding="UTF-8"?>
<!-- Generated by org.testng.reporters.JUnitXMLReporter -->
<testsuite hostname="DESKTOP-UIS81QP" name="PetClinic Tests" tests="5" failures="0" timestamp="20 Apr 2021 05:39:15 GMT" time="12.473" errors="0">
  <testcase name="testIfImageIsSameAsExpected" time="1.412" classname="com.petclinic.tests.PetClinicWorkflowTest"/>
  <testcase name="testToFindAllExistingOwners" time="1.522" classname="com.petclinic.tests.PetClinicWorkflowTest"/>
  <testcase name="testToFindAllVeterinarians" time="0.81" classname="com.petclinic.tests.PetClinicWorkflowTest"/>
  <testcase name="testToVerifyAddNewOwner" time="2.209" classname="com.petclinic.tests.PetClinicWorkflowTest"/>
  <testcase name="testToVerifyAddedInformation" time="0.437" classname="com.petclinic.tests.PetClinicWorkflowTest"/>
</testsuite> <!-- PetClinic Tests -->
